  315307393_PROYECTO_GPO9.cpp
C:\Users\gerar\Desktop\ProyectoLab\Practica9\Practica4\315307393_PROYECTO_GPO9.cpp(173,31): warning C4305: '=': truncamiento de 'double' a 'float'
C:\Users\gerar\Desktop\ProyectoLab\Practica9\Practica4\315307393_PROYECTO_GPO9.cpp(181,31): warning C4305: '=': truncamiento de 'double' a 'float'
C:\Users\gerar\Desktop\ProyectoLab\Practica9\Practica4\315307393_PROYECTO_GPO9.cpp(183,31): warning C4305: '=': truncamiento de 'double' a 'float'
C:\Users\gerar\Desktop\ProyectoLab\Practica9\Practica4\315307393_PROYECTO_GPO9.cpp(191,31): warning C4305: '=': truncamiento de 'double' a 'float'
C:\Users\gerar\Desktop\ProyectoLab\Practica9\Practica4\315307393_PROYECTO_GPO9.cpp(192,29): warning C4305: '=': truncamiento de 'double' a 'float'
C:\Users\gerar\Desktop\ProyectoLab\Practica9\Practica4\315307393_PROYECTO_GPO9.cpp(193,31): warning C4305: '=': truncamiento de 'double' a 'float'
C:\Users\gerar\Desktop\ProyectoLab\Practica9\Practica4\315307393_PROYECTO_GPO9.cpp(201,31): warning C4305: '=': truncamiento de 'double' a 'float'
C:\Users\gerar\Desktop\ProyectoLab\Practica9\Practica4\315307393_PROYECTO_GPO9.cpp(202,29): warning C4305: '=': truncamiento de 'double' a 'float'
C:\Users\gerar\Desktop\ProyectoLab\Practica9\Practica4\315307393_PROYECTO_GPO9.cpp(203,31): warning C4305: '=': truncamiento de 'double' a 'float'
C:\Users\gerar\Desktop\ProyectoLab\Practica9\Practica4\315307393_PROYECTO_GPO9.cpp(204,36): warning C4305: '=': truncamiento de 'double' a 'float'
C:\Users\gerar\Desktop\ProyectoLab\Practica9\Practica4\315307393_PROYECTO_GPO9.cpp(205,35): warning C4305: '=': truncamiento de 'double' a 'float'
C:\Users\gerar\Desktop\ProyectoLab\Practica9\Practica4\315307393_PROYECTO_GPO9.cpp(206,35): warning C4305: '=': truncamiento de 'double' a 'float'
C:\Users\gerar\Desktop\ProyectoLab\Practica9\Practica4\315307393_PROYECTO_GPO9.cpp(207,34): warning C4305: '=': truncamiento de 'double' a 'float'
C:\Users\gerar\Desktop\ProyectoLab\Practica9\Practica4\315307393_PROYECTO_GPO9.cpp(208,37): warning C4305: '=': truncamiento de 'double' a 'float'
C:\Users\gerar\Desktop\ProyectoLab\Practica9\Practica4\315307393_PROYECTO_GPO9.cpp(211,31): warning C4305: '=': truncamiento de 'double' a 'float'
C:\Users\gerar\Desktop\ProyectoLab\Practica9\Practica4\315307393_PROYECTO_GPO9.cpp(212,29): warning C4305: '=': truncamiento de 'double' a 'float'
C:\Users\gerar\Desktop\ProyectoLab\Practica9\Practica4\315307393_PROYECTO_GPO9.cpp(213,31): warning C4305: '=': truncamiento de 'double' a 'float'
C:\Users\gerar\Desktop\ProyectoLab\Practica9\Practica4\315307393_PROYECTO_GPO9.cpp(214,36): warning C4305: '=': truncamiento de 'double' a 'float'
C:\Users\gerar\Desktop\ProyectoLab\Practica9\Practica4\315307393_PROYECTO_GPO9.cpp(215,36): warning C4305: '=': truncamiento de 'double' a 'float'
C:\Users\gerar\Desktop\ProyectoLab\Practica9\Practica4\315307393_PROYECTO_GPO9.cpp(216,35): warning C4305: '=': truncamiento de 'double' a 'float'
C:\Users\gerar\Desktop\ProyectoLab\Practica9\Practica4\315307393_PROYECTO_GPO9.cpp(217,35): warning C4305: '=': truncamiento de 'double' a 'float'
C:\Users\gerar\Desktop\ProyectoLab\Practica9\Practica4\315307393_PROYECTO_GPO9.cpp(218,37): warning C4305: '=': truncamiento de 'double' a 'float'
C:\Users\gerar\Desktop\ProyectoLab\Practica9\Practica4\315307393_PROYECTO_GPO9.cpp(221,31): warning C4305: '=': truncamiento de 'double' a 'float'
C:\Users\gerar\Desktop\ProyectoLab\Practica9\Practica4\315307393_PROYECTO_GPO9.cpp(222,29): warning C4305: '=': truncamiento de 'double' a 'float'
C:\Users\gerar\Desktop\ProyectoLab\Practica9\Practica4\315307393_PROYECTO_GPO9.cpp(223,31): warning C4305: '=': truncamiento de 'double' a 'float'
C:\Users\gerar\Desktop\ProyectoLab\Practica9\Practica4\315307393_PROYECTO_GPO9.cpp(224,35): warning C4305: '=': truncamiento de 'double' a 'float'
C:\Users\gerar\Desktop\ProyectoLab\Practica9\Practica4\315307393_PROYECTO_GPO9.cpp(225,35): warning C4305: '=': truncamiento de 'double' a 'float'
C:\Users\gerar\Desktop\ProyectoLab\Practica9\Practica4\315307393_PROYECTO_GPO9.cpp(226,36): warning C4305: '=': truncamiento de 'double' a 'float'
C:\Users\gerar\Desktop\ProyectoLab\Practica9\Practica4\315307393_PROYECTO_GPO9.cpp(227,36): warning C4305: '=': truncamiento de 'double' a 'float'
C:\Users\gerar\Desktop\ProyectoLab\Practica9\Practica4\315307393_PROYECTO_GPO9.cpp(228,37): warning C4305: '=': truncamiento de 'double' a 'float'
C:\Users\gerar\Desktop\ProyectoLab\Practica9\Practica4\315307393_PROYECTO_GPO9.cpp(231,31): warning C4305: '=': truncamiento de 'double' a 'float'
C:\Users\gerar\Desktop\ProyectoLab\Practica9\Practica4\315307393_PROYECTO_GPO9.cpp(232,29): warning C4305: '=': truncamiento de 'double' a 'float'
C:\Users\gerar\Desktop\ProyectoLab\Practica9\Practica4\315307393_PROYECTO_GPO9.cpp(233,31): warning C4305: '=': truncamiento de 'double' a 'float'
C:\Users\gerar\Desktop\ProyectoLab\Practica9\Practica4\315307393_PROYECTO_GPO9.cpp(234,36): warning C4305: '=': truncamiento de 'double' a 'float'
C:\Users\gerar\Desktop\ProyectoLab\Practica9\Practica4\315307393_PROYECTO_GPO9.cpp(235,36): warning C4305: '=': truncamiento de 'double' a 'float'
C:\Users\gerar\Desktop\ProyectoLab\Practica9\Practica4\315307393_PROYECTO_GPO9.cpp(236,35): warning C4305: '=': truncamiento de 'double' a 'float'
C:\Users\gerar\Desktop\ProyectoLab\Practica9\Practica4\315307393_PROYECTO_GPO9.cpp(237,35): warning C4305: '=': truncamiento de 'double' a 'float'
C:\Users\gerar\Desktop\ProyectoLab\Practica9\Practica4\315307393_PROYECTO_GPO9.cpp(238,37): warning C4305: '=': truncamiento de 'double' a 'float'
C:\Users\gerar\Desktop\ProyectoLab\Practica9\Practica4\315307393_PROYECTO_GPO9.cpp(241,31): warning C4305: '=': truncamiento de 'double' a 'float'
C:\Users\gerar\Desktop\ProyectoLab\Practica9\Practica4\315307393_PROYECTO_GPO9.cpp(242,29): warning C4305: '=': truncamiento de 'double' a 'float'
C:\Users\gerar\Desktop\ProyectoLab\Practica9\Practica4\315307393_PROYECTO_GPO9.cpp(243,31): warning C4305: '=': truncamiento de 'double' a 'float'
C:\Users\gerar\Desktop\ProyectoLab\Practica9\Practica4\315307393_PROYECTO_GPO9.cpp(244,35): warning C4305: '=': truncamiento de 'double' a 'float'
C:\Users\gerar\Desktop\ProyectoLab\Practica9\Practica4\315307393_PROYECTO_GPO9.cpp(245,35): warning C4305: '=': truncamiento de 'double' a 'float'
C:\Users\gerar\Desktop\ProyectoLab\Practica9\Practica4\315307393_PROYECTO_GPO9.cpp(246,35): warning C4305: '=': truncamiento de 'double' a 'float'
C:\Users\gerar\Desktop\ProyectoLab\Practica9\Practica4\315307393_PROYECTO_GPO9.cpp(247,35): warning C4305: '=': truncamiento de 'double' a 'float'
C:\Users\gerar\Desktop\ProyectoLab\Practica9\Practica4\315307393_PROYECTO_GPO9.cpp(248,37): warning C4305: '=': truncamiento de 'double' a 'float'
C:\Users\gerar\Desktop\ProyectoLab\Practica9\Practica4\315307393_PROYECTO_GPO9.cpp(251,31): warning C4305: '=': truncamiento de 'double' a 'float'
C:\Users\gerar\Desktop\ProyectoLab\Practica9\Practica4\315307393_PROYECTO_GPO9.cpp(252,29): warning C4305: '=': truncamiento de 'double' a 'float'
C:\Users\gerar\Desktop\ProyectoLab\Practica9\Practica4\315307393_PROYECTO_GPO9.cpp(253,31): warning C4305: '=': truncamiento de 'double' a 'float'
C:\Users\gerar\Desktop\ProyectoLab\Practica9\Practica4\315307393_PROYECTO_GPO9.cpp(254,35): warning C4305: '=': truncamiento de 'double' a 'float'
C:\Users\gerar\Desktop\ProyectoLab\Practica9\Practica4\315307393_PROYECTO_GPO9.cpp(255,35): warning C4305: '=': truncamiento de 'double' a 'float'
C:\Users\gerar\Desktop\ProyectoLab\Practica9\Practica4\315307393_PROYECTO_GPO9.cpp(256,35): warning C4305: '=': truncamiento de 'double' a 'float'
C:\Users\gerar\Desktop\ProyectoLab\Practica9\Practica4\315307393_PROYECTO_GPO9.cpp(257,34): warning C4305: '=': truncamiento de 'double' a 'float'
C:\Users\gerar\Desktop\ProyectoLab\Practica9\Practica4\315307393_PROYECTO_GPO9.cpp(258,37): warning C4305: '=': truncamiento de 'double' a 'float'
C:\Users\gerar\Desktop\ProyectoLab\Practica9\Practica4\315307393_PROYECTO_GPO9.cpp(261,32): warning C4305: '=': truncamiento de 'double' a 'float'
C:\Users\gerar\Desktop\ProyectoLab\Practica9\Practica4\315307393_PROYECTO_GPO9.cpp(262,30): warning C4305: '=': truncamiento de 'double' a 'float'
C:\Users\gerar\Desktop\ProyectoLab\Practica9\Practica4\315307393_PROYECTO_GPO9.cpp(263,32): warning C4305: '=': truncamiento de 'double' a 'float'
C:\Users\gerar\Desktop\ProyectoLab\Practica9\Practica4\315307393_PROYECTO_GPO9.cpp(264,37): warning C4305: '=': truncamiento de 'double' a 'float'
C:\Users\gerar\Desktop\ProyectoLab\Practica9\Practica4\315307393_PROYECTO_GPO9.cpp(265,36): warning C4305: '=': truncamiento de 'double' a 'float'
C:\Users\gerar\Desktop\ProyectoLab\Practica9\Practica4\315307393_PROYECTO_GPO9.cpp(266,36): warning C4305: '=': truncamiento de 'double' a 'float'
C:\Users\gerar\Desktop\ProyectoLab\Practica9\Practica4\315307393_PROYECTO_GPO9.cpp(267,35): warning C4305: '=': truncamiento de 'double' a 'float'
C:\Users\gerar\Desktop\ProyectoLab\Practica9\Practica4\315307393_PROYECTO_GPO9.cpp(268,38): warning C4305: '=': truncamiento de 'double' a 'float'
C:\Users\gerar\Desktop\ProyectoLab\Practica9\Practica4\315307393_PROYECTO_GPO9.cpp(271,32): warning C4305: '=': truncamiento de 'double' a 'float'
C:\Users\gerar\Desktop\ProyectoLab\Practica9\Practica4\315307393_PROYECTO_GPO9.cpp(272,30): warning C4305: '=': truncamiento de 'double' a 'float'
C:\Users\gerar\Desktop\ProyectoLab\Practica9\Practica4\315307393_PROYECTO_GPO9.cpp(273,32): warning C4305: '=': truncamiento de 'double' a 'float'
C:\Users\gerar\Desktop\ProyectoLab\Practica9\Practica4\315307393_PROYECTO_GPO9.cpp(274,37): warning C4305: '=': truncamiento de 'double' a 'float'
C:\Users\gerar\Desktop\ProyectoLab\Practica9\Practica4\315307393_PROYECTO_GPO9.cpp(275,36): warning C4305: '=': truncamiento de 'double' a 'float'
C:\Users\gerar\Desktop\ProyectoLab\Practica9\Practica4\315307393_PROYECTO_GPO9.cpp(276,37): warning C4305: '=': truncamiento de 'double' a 'float'
C:\Users\gerar\Desktop\ProyectoLab\Practica9\Practica4\315307393_PROYECTO_GPO9.cpp(277,36): warning C4305: '=': truncamiento de 'double' a 'float'
C:\Users\gerar\Desktop\ProyectoLab\Practica9\Practica4\315307393_PROYECTO_GPO9.cpp(278,38): warning C4305: '=': truncamiento de 'double' a 'float'
C:\Users\gerar\Desktop\ProyectoLab\Practica9\Practica4\315307393_PROYECTO_GPO9.cpp(281,32): warning C4305: '=': truncamiento de 'double' a 'float'
C:\Users\gerar\Desktop\ProyectoLab\Practica9\Practica4\315307393_PROYECTO_GPO9.cpp(282,30): warning C4305: '=': truncamiento de 'double' a 'float'
C:\Users\gerar\Desktop\ProyectoLab\Practica9\Practica4\315307393_PROYECTO_GPO9.cpp(283,32): warning C4305: '=': truncamiento de 'double' a 'float'
C:\Users\gerar\Desktop\ProyectoLab\Practica9\Practica4\315307393_PROYECTO_GPO9.cpp(284,36): warning C4305: '=': truncamiento de 'double' a 'float'
C:\Users\gerar\Desktop\ProyectoLab\Practica9\Practica4\315307393_PROYECTO_GPO9.cpp(285,37): warning C4305: '=': truncamiento de 'double' a 'float'
C:\Users\gerar\Desktop\ProyectoLab\Practica9\Practica4\315307393_PROYECTO_GPO9.cpp(286,36): warning C4305: '=': truncamiento de 'double' a 'float'
C:\Users\gerar\Desktop\ProyectoLab\Practica9\Practica4\315307393_PROYECTO_GPO9.cpp(287,37): warning C4305: '=': truncamiento de 'double' a 'float'
C:\Users\gerar\Desktop\ProyectoLab\Practica9\Practica4\315307393_PROYECTO_GPO9.cpp(288,38): warning C4305: '=': truncamiento de 'double' a 'float'
C:\Users\gerar\Desktop\ProyectoLab\Practica9\Practica4\315307393_PROYECTO_GPO9.cpp(291,32): warning C4305: '=': truncamiento de 'double' a 'float'
C:\Users\gerar\Desktop\ProyectoLab\Practica9\Practica4\315307393_PROYECTO_GPO9.cpp(292,30): warning C4305: '=': truncamiento de 'double' a 'float'
C:\Users\gerar\Desktop\ProyectoLab\Practica9\Practica4\315307393_PROYECTO_GPO9.cpp(293,32): warning C4305: '=': truncamiento de 'double' a 'float'
C:\Users\gerar\Desktop\ProyectoLab\Practica9\Practica4\315307393_PROYECTO_GPO9.cpp(294,37): warning C4305: '=': truncamiento de 'double' a 'float'
C:\Users\gerar\Desktop\ProyectoLab\Practica9\Practica4\315307393_PROYECTO_GPO9.cpp(295,36): warning C4305: '=': truncamiento de 'double' a 'float'
C:\Users\gerar\Desktop\ProyectoLab\Practica9\Practica4\315307393_PROYECTO_GPO9.cpp(296,37): warning C4305: '=': truncamiento de 'double' a 'float'
C:\Users\gerar\Desktop\ProyectoLab\Practica9\Practica4\315307393_PROYECTO_GPO9.cpp(297,36): warning C4305: '=': truncamiento de 'double' a 'float'
C:\Users\gerar\Desktop\ProyectoLab\Practica9\Practica4\315307393_PROYECTO_GPO9.cpp(298,38): warning C4305: '=': truncamiento de 'double' a 'float'
C:\Users\gerar\Desktop\ProyectoLab\Practica9\Practica4\315307393_PROYECTO_GPO9.cpp(301,32): warning C4305: '=': truncamiento de 'double' a 'float'
C:\Users\gerar\Desktop\ProyectoLab\Practica9\Practica4\315307393_PROYECTO_GPO9.cpp(302,30): warning C4305: '=': truncamiento de 'double' a 'float'
C:\Users\gerar\Desktop\ProyectoLab\Practica9\Practica4\315307393_PROYECTO_GPO9.cpp(303,32): warning C4305: '=': truncamiento de 'double' a 'float'
C:\Users\gerar\Desktop\ProyectoLab\Practica9\Practica4\315307393_PROYECTO_GPO9.cpp(304,37): warning C4305: '=': truncamiento de 'double' a 'float'
C:\Users\gerar\Desktop\ProyectoLab\Practica9\Practica4\315307393_PROYECTO_GPO9.cpp(305,36): warning C4305: '=': truncamiento de 'double' a 'float'
C:\Users\gerar\Desktop\ProyectoLab\Practica9\Practica4\315307393_PROYECTO_GPO9.cpp(306,36): warning C4305: '=': truncamiento de 'double' a 'float'
C:\Users\gerar\Desktop\ProyectoLab\Practica9\Practica4\315307393_PROYECTO_GPO9.cpp(307,36): warning C4305: '=': truncamiento de 'double' a 'float'
C:\Users\gerar\Desktop\ProyectoLab\Practica9\Practica4\315307393_PROYECTO_GPO9.cpp(308,37): warning C4305: '=': truncamiento de 'double' a 'float'
C:\Users\gerar\Desktop\ProyectoLab\Practica9\Practica4\315307393_PROYECTO_GPO9.cpp(311,32): warning C4305: '=': truncamiento de 'double' a 'float'
C:\Users\gerar\Desktop\ProyectoLab\Practica9\Practica4\315307393_PROYECTO_GPO9.cpp(312,30): warning C4305: '=': truncamiento de 'double' a 'float'
C:\Users\gerar\Desktop\ProyectoLab\Practica9\Practica4\315307393_PROYECTO_GPO9.cpp(313,32): warning C4305: '=': truncamiento de 'double' a 'float'
C:\Users\gerar\Desktop\ProyectoLab\Practica9\Practica4\315307393_PROYECTO_GPO9.cpp(314,36): warning C4305: '=': truncamiento de 'double' a 'float'
C:\Users\gerar\Desktop\ProyectoLab\Practica9\Practica4\315307393_PROYECTO_GPO9.cpp(315,36): warning C4305: '=': truncamiento de 'double' a 'float'
C:\Users\gerar\Desktop\ProyectoLab\Practica9\Practica4\315307393_PROYECTO_GPO9.cpp(316,36): warning C4305: '=': truncamiento de 'double' a 'float'
C:\Users\gerar\Desktop\ProyectoLab\Practica9\Practica4\315307393_PROYECTO_GPO9.cpp(317,36): warning C4305: '=': truncamiento de 'double' a 'float'
C:\Users\gerar\Desktop\ProyectoLab\Practica9\Practica4\315307393_PROYECTO_GPO9.cpp(318,37): warning C4305: '=': truncamiento de 'double' a 'float'
C:\Users\gerar\Desktop\ProyectoLab\Practica9\Practica4\315307393_PROYECTO_GPO9.cpp(321,32): warning C4305: '=': truncamiento de 'double' a 'float'
C:\Users\gerar\Desktop\ProyectoLab\Practica9\Practica4\315307393_PROYECTO_GPO9.cpp(322,30): warning C4305: '=': truncamiento de 'double' a 'float'
C:\Users\gerar\Desktop\ProyectoLab\Practica9\Practica4\315307393_PROYECTO_GPO9.cpp(323,32): warning C4305: '=': truncamiento de 'double' a 'float'
C:\Users\gerar\Desktop\ProyectoLab\Practica9\Practica4\315307393_PROYECTO_GPO9.cpp(324,36): warning C4305: '=': truncamiento de 'double' a 'float'
C:\Users\gerar\Desktop\ProyectoLab\Practica9\Practica4\315307393_PROYECTO_GPO9.cpp(325,36): warning C4305: '=': truncamiento de 'double' a 'float'
C:\Users\gerar\Desktop\ProyectoLab\Practica9\Practica4\315307393_PROYECTO_GPO9.cpp(326,36): warning C4305: '=': truncamiento de 'double' a 'float'
C:\Users\gerar\Desktop\ProyectoLab\Practica9\Practica4\315307393_PROYECTO_GPO9.cpp(327,36): warning C4305: '=': truncamiento de 'double' a 'float'
C:\Users\gerar\Desktop\ProyectoLab\Practica9\Practica4\315307393_PROYECTO_GPO9.cpp(328,37): warning C4305: '=': truncamiento de 'double' a 'float'
C:\Users\gerar\Desktop\ProyectoLab\Practica9\Practica4\315307393_PROYECTO_GPO9.cpp(331,32): warning C4305: '=': truncamiento de 'double' a 'float'
C:\Users\gerar\Desktop\ProyectoLab\Practica9\Practica4\315307393_PROYECTO_GPO9.cpp(332,30): warning C4305: '=': truncamiento de 'double' a 'float'
C:\Users\gerar\Desktop\ProyectoLab\Practica9\Practica4\315307393_PROYECTO_GPO9.cpp(333,32): warning C4305: '=': truncamiento de 'double' a 'float'
C:\Users\gerar\Desktop\ProyectoLab\Practica9\Practica4\315307393_PROYECTO_GPO9.cpp(334,36): warning C4305: '=': truncamiento de 'double' a 'float'
C:\Users\gerar\Desktop\ProyectoLab\Practica9\Practica4\315307393_PROYECTO_GPO9.cpp(335,36): warning C4305: '=': truncamiento de 'double' a 'float'
C:\Users\gerar\Desktop\ProyectoLab\Practica9\Practica4\315307393_PROYECTO_GPO9.cpp(336,36): warning C4305: '=': truncamiento de 'double' a 'float'
C:\Users\gerar\Desktop\ProyectoLab\Practica9\Practica4\315307393_PROYECTO_GPO9.cpp(337,36): warning C4305: '=': truncamiento de 'double' a 'float'
C:\Users\gerar\Desktop\ProyectoLab\Practica9\Practica4\315307393_PROYECTO_GPO9.cpp(338,37): warning C4305: '=': truncamiento de 'double' a 'float'
C:\Users\gerar\Desktop\ProyectoLab\Practica9\Practica4\315307393_PROYECTO_GPO9.cpp(341,32): warning C4305: '=': truncamiento de 'double' a 'float'
C:\Users\gerar\Desktop\ProyectoLab\Practica9\Practica4\315307393_PROYECTO_GPO9.cpp(342,30): warning C4305: '=': truncamiento de 'double' a 'float'
C:\Users\gerar\Desktop\ProyectoLab\Practica9\Practica4\315307393_PROYECTO_GPO9.cpp(343,32): warning C4305: '=': truncamiento de 'double' a 'float'
C:\Users\gerar\Desktop\ProyectoLab\Practica9\Practica4\315307393_PROYECTO_GPO9.cpp(344,36): warning C4305: '=': truncamiento de 'double' a 'float'
C:\Users\gerar\Desktop\ProyectoLab\Practica9\Practica4\315307393_PROYECTO_GPO9.cpp(345,36): warning C4305: '=': truncamiento de 'double' a 'float'
C:\Users\gerar\Desktop\ProyectoLab\Practica9\Practica4\315307393_PROYECTO_GPO9.cpp(346,36): warning C4305: '=': truncamiento de 'double' a 'float'
C:\Users\gerar\Desktop\ProyectoLab\Practica9\Practica4\315307393_PROYECTO_GPO9.cpp(347,36): warning C4305: '=': truncamiento de 'double' a 'float'
C:\Users\gerar\Desktop\ProyectoLab\Practica9\Practica4\315307393_PROYECTO_GPO9.cpp(348,37): warning C4305: '=': truncamiento de 'double' a 'float'
C:\Users\gerar\Desktop\ProyectoLab\Practica9\Practica4\315307393_PROYECTO_GPO9.cpp(351,32): warning C4305: '=': truncamiento de 'double' a 'float'
C:\Users\gerar\Desktop\ProyectoLab\Practica9\Practica4\315307393_PROYECTO_GPO9.cpp(352,30): warning C4305: '=': truncamiento de 'double' a 'float'
C:\Users\gerar\Desktop\ProyectoLab\Practica9\Practica4\315307393_PROYECTO_GPO9.cpp(353,32): warning C4305: '=': truncamiento de 'double' a 'float'
C:\Users\gerar\Desktop\ProyectoLab\Practica9\Practica4\315307393_PROYECTO_GPO9.cpp(354,36): warning C4305: '=': truncamiento de 'double' a 'float'
C:\Users\gerar\Desktop\ProyectoLab\Practica9\Practica4\315307393_PROYECTO_GPO9.cpp(355,36): warning C4305: '=': truncamiento de 'double' a 'float'
C:\Users\gerar\Desktop\ProyectoLab\Practica9\Practica4\315307393_PROYECTO_GPO9.cpp(356,36): warning C4305: '=': truncamiento de 'double' a 'float'
C:\Users\gerar\Desktop\ProyectoLab\Practica9\Practica4\315307393_PROYECTO_GPO9.cpp(357,36): warning C4305: '=': truncamiento de 'double' a 'float'
C:\Users\gerar\Desktop\ProyectoLab\Practica9\Practica4\315307393_PROYECTO_GPO9.cpp(358,37): warning C4305: '=': truncamiento de 'double' a 'float'
C:\Users\gerar\Desktop\ProyectoLab\Practica9\Practica4\315307393_PROYECTO_GPO9.cpp(361,32): warning C4305: '=': truncamiento de 'double' a 'float'
C:\Users\gerar\Desktop\ProyectoLab\Practica9\Practica4\315307393_PROYECTO_GPO9.cpp(362,30): warning C4305: '=': truncamiento de 'double' a 'float'
C:\Users\gerar\Desktop\ProyectoLab\Practica9\Practica4\315307393_PROYECTO_GPO9.cpp(363,32): warning C4305: '=': truncamiento de 'double' a 'float'
C:\Users\gerar\Desktop\ProyectoLab\Practica9\Practica4\315307393_PROYECTO_GPO9.cpp(364,36): warning C4305: '=': truncamiento de 'double' a 'float'
C:\Users\gerar\Desktop\ProyectoLab\Practica9\Practica4\315307393_PROYECTO_GPO9.cpp(365,36): warning C4305: '=': truncamiento de 'double' a 'float'
C:\Users\gerar\Desktop\ProyectoLab\Practica9\Practica4\315307393_PROYECTO_GPO9.cpp(366,36): warning C4305: '=': truncamiento de 'double' a 'float'
C:\Users\gerar\Desktop\ProyectoLab\Practica9\Practica4\315307393_PROYECTO_GPO9.cpp(367,36): warning C4305: '=': truncamiento de 'double' a 'float'
C:\Users\gerar\Desktop\ProyectoLab\Practica9\Practica4\315307393_PROYECTO_GPO9.cpp(368,37): warning C4305: '=': truncamiento de 'double' a 'float'
C:\Users\gerar\Desktop\ProyectoLab\Practica9\Practica4\315307393_PROYECTO_GPO9.cpp(371,32): warning C4305: '=': truncamiento de 'double' a 'float'
C:\Users\gerar\Desktop\ProyectoLab\Practica9\Practica4\315307393_PROYECTO_GPO9.cpp(372,30): warning C4305: '=': truncamiento de 'double' a 'float'
C:\Users\gerar\Desktop\ProyectoLab\Practica9\Practica4\315307393_PROYECTO_GPO9.cpp(373,32): warning C4305: '=': truncamiento de 'double' a 'float'
C:\Users\gerar\Desktop\ProyectoLab\Practica9\Practica4\315307393_PROYECTO_GPO9.cpp(374,36): warning C4305: '=': truncamiento de 'double' a 'float'
C:\Users\gerar\Desktop\ProyectoLab\Practica9\Practica4\315307393_PROYECTO_GPO9.cpp(375,36): warning C4305: '=': truncamiento de 'double' a 'float'
C:\Users\gerar\Desktop\ProyectoLab\Practica9\Practica4\315307393_PROYECTO_GPO9.cpp(376,36): warning C4305: '=': truncamiento de 'double' a 'float'
C:\Users\gerar\Desktop\ProyectoLab\Practica9\Practica4\315307393_PROYECTO_GPO9.cpp(377,36): warning C4305: '=': truncamiento de 'double' a 'float'
C:\Users\gerar\Desktop\ProyectoLab\Practica9\Practica4\315307393_PROYECTO_GPO9.cpp(378,37): warning C4305: '=': truncamiento de 'double' a 'float'
C:\Users\gerar\Desktop\ProyectoLab\Practica9\Practica4\315307393_PROYECTO_GPO9.cpp(381,32): warning C4305: '=': truncamiento de 'double' a 'float'
C:\Users\gerar\Desktop\ProyectoLab\Practica9\Practica4\315307393_PROYECTO_GPO9.cpp(382,30): warning C4305: '=': truncamiento de 'double' a 'float'
C:\Users\gerar\Desktop\ProyectoLab\Practica9\Practica4\315307393_PROYECTO_GPO9.cpp(383,32): warning C4305: '=': truncamiento de 'double' a 'float'
C:\Users\gerar\Desktop\ProyectoLab\Practica9\Practica4\315307393_PROYECTO_GPO9.cpp(384,36): warning C4305: '=': truncamiento de 'double' a 'float'
C:\Users\gerar\Desktop\ProyectoLab\Practica9\Practica4\315307393_PROYECTO_GPO9.cpp(385,37): warning C4305: '=': truncamiento de 'double' a 'float'
C:\Users\gerar\Desktop\ProyectoLab\Practica9\Practica4\315307393_PROYECTO_GPO9.cpp(386,36): warning C4305: '=': truncamiento de 'double' a 'float'
C:\Users\gerar\Desktop\ProyectoLab\Practica9\Practica4\315307393_PROYECTO_GPO9.cpp(387,36): warning C4305: '=': truncamiento de 'double' a 'float'
C:\Users\gerar\Desktop\ProyectoLab\Practica9\Practica4\315307393_PROYECTO_GPO9.cpp(388,36): warning C4305: '=': truncamiento de 'double' a 'float'
C:\Users\gerar\Desktop\ProyectoLab\Practica9\Practica4\315307393_PROYECTO_GPO9.cpp(708,24): warning C4244: 'inicializando': conversión de 'double' a 'GLfloat'; posible pérdida de datos
C:\Users\gerar\Desktop\ProyectoLab\Practica9\Practica4\315307393_PROYECTO_GPO9.cpp(754,113): warning C4305: 'argumento': truncamiento de 'double' a 'GLfloat'
C:\Users\gerar\Desktop\ProyectoLab\Practica9\Practica4\315307393_PROYECTO_GPO9.cpp(1169,11): warning C4244: '=': conversión de 'double' a 'GLfloat'; posible pérdida de datos
C:\Users\gerar\Desktop\ProyectoLab\Practica9\Practica4\315307393_PROYECTO_GPO9.cpp(1170,11): warning C4244: '=': conversión de 'double' a 'GLfloat'; posible pérdida de datos
C:\Users\gerar\Desktop\ProyectoLab\Practica9\Practica4\315307393_PROYECTO_GPO9.cpp(1174,18): warning C4244: 'inicializando': conversión de 'double' a 'GLfloat'; posible pérdida de datos
C:\Users\gerar\Desktop\ProyectoLab\Practica9\Practica4\315307393_PROYECTO_GPO9.cpp(1175,18): warning C4244: 'inicializando': conversión de 'double' a 'GLfloat'; posible pérdida de datos
C:\Users\gerar\Desktop\ProyectoLab\Practica9\Practica4\315307393_PROYECTO_GPO9.cpp(1177,10): warning C4244: '=': conversión de 'double' a 'GLfloat'; posible pérdida de datos
C:\Users\gerar\Desktop\ProyectoLab\Practica9\Practica4\315307393_PROYECTO_GPO9.cpp(1178,10): warning C4244: '=': conversión de 'double' a 'GLfloat'; posible pérdida de datos
C:\Users\gerar\Desktop\ProyectoLab\Practica9\Practica4\315307393_PROYECTO_GPO9.cpp(1294,18): warning C4305: '-=': truncamiento de 'double' a 'float'
C:\Users\gerar\Desktop\ProyectoLab\Practica9\Practica4\315307393_PROYECTO_GPO9.cpp(1301,18): warning C4305: '+=': truncamiento de 'double' a 'float'
C:\Users\gerar\Desktop\ProyectoLab\Practica9\Practica4\315307393_PROYECTO_GPO9.cpp(1311,15): warning C4305: '+=': truncamiento de 'double' a 'float'
C:\Users\gerar\Desktop\ProyectoLab\Practica9\Practica4\315307393_PROYECTO_GPO9.cpp(1316,15): warning C4305: '-=': truncamiento de 'double' a 'float'
C:\Users\gerar\Desktop\ProyectoLab\Practica9\Practica4\315307393_PROYECTO_GPO9.cpp(1321,15): warning C4305: '-=': truncamiento de 'double' a 'float'
C:\Users\gerar\Desktop\ProyectoLab\Practica9\Practica4\315307393_PROYECTO_GPO9.cpp(1326,15): warning C4305: '+=': truncamiento de 'double' a 'float'
C:\Users\gerar\Desktop\ProyectoLab\Practica9\Practica4\315307393_PROYECTO_GPO9.cpp(1331,15): warning C4305: '-=': truncamiento de 'double' a 'float'
C:\Users\gerar\Desktop\ProyectoLab\Practica9\Practica4\315307393_PROYECTO_GPO9.cpp(1336,15): warning C4305: '+=': truncamiento de 'double' a 'float'
LINK : warning LNK4098: la biblioteca predeterminada'MSVCRT' entra en conflicto con otras bibliotecas; use la biblioteca /NODEFAULTLIB:biblioteca
soil2-debug.lib(etc1_utils.obj) : warning LNK4099: no se encontró PDB 'soil2-debug.pdb' con 'soil2-debug.lib(etc1_utils.obj)' o en 'C:\Users\gerar\Desktop\ProyectoLab\Practica9\Debug\soil2-debug.pdb'; se vinculará el objeto sin tener en cuenta información de depuración
soil2-debug.lib(image_DXT.obj) : warning LNK4099: no se encontró PDB 'soil2-debug.pdb' con 'soil2-debug.lib(image_DXT.obj)' o en 'C:\Users\gerar\Desktop\ProyectoLab\Practica9\Debug\soil2-debug.pdb'; se vinculará el objeto sin tener en cuenta información de depuración
soil2-debug.lib(image_helper.obj) : warning LNK4099: no se encontró PDB 'soil2-debug.pdb' con 'soil2-debug.lib(image_helper.obj)' o en 'C:\Users\gerar\Desktop\ProyectoLab\Practica9\Debug\soil2-debug.pdb'; se vinculará el objeto sin tener en cuenta información de depuración
soil2-debug.lib(SOIL2.obj) : warning LNK4099: no se encontró PDB 'soil2-debug.pdb' con 'soil2-debug.lib(SOIL2.obj)' o en 'C:\Users\gerar\Desktop\ProyectoLab\Practica9\Debug\soil2-debug.pdb'; se vinculará el objeto sin tener en cuenta información de depuración
  Practica4.vcxproj -> C:\Users\gerar\Desktop\ProyectoLab\Practica9\Debug\Practica4.exe
