  315307393_PROYECTO_GPO9.cpp
C:\Users\gerar\Desktop\ProyectoLab\Practica9\Practica4\315307393_PROYECTO_GPO9.cpp(147,31): warning C4305: '=': truncamiento de 'double' a 'float'
C:\Users\gerar\Desktop\ProyectoLab\Practica9\Practica4\315307393_PROYECTO_GPO9.cpp(155,31): warning C4305: '=': truncamiento de 'double' a 'float'
C:\Users\gerar\Desktop\ProyectoLab\Practica9\Practica4\315307393_PROYECTO_GPO9.cpp(157,31): warning C4305: '=': truncamiento de 'double' a 'float'
C:\Users\gerar\Desktop\ProyectoLab\Practica9\Practica4\315307393_PROYECTO_GPO9.cpp(165,31): warning C4305: '=': truncamiento de 'double' a 'float'
C:\Users\gerar\Desktop\ProyectoLab\Practica9\Practica4\315307393_PROYECTO_GPO9.cpp(166,29): warning C4305: '=': truncamiento de 'double' a 'float'
C:\Users\gerar\Desktop\ProyectoLab\Practica9\Practica4\315307393_PROYECTO_GPO9.cpp(167,31): warning C4305: '=': truncamiento de 'double' a 'float'
C:\Users\gerar\Desktop\ProyectoLab\Practica9\Practica4\315307393_PROYECTO_GPO9.cpp(175,31): warning C4305: '=': truncamiento de 'double' a 'float'
C:\Users\gerar\Desktop\ProyectoLab\Practica9\Practica4\315307393_PROYECTO_GPO9.cpp(176,29): warning C4305: '=': truncamiento de 'double' a 'float'
C:\Users\gerar\Desktop\ProyectoLab\Practica9\Practica4\315307393_PROYECTO_GPO9.cpp(177,31): warning C4305: '=': truncamiento de 'double' a 'float'
C:\Users\gerar\Desktop\ProyectoLab\Practica9\Practica4\315307393_PROYECTO_GPO9.cpp(178,36): warning C4305: '=': truncamiento de 'double' a 'float'
C:\Users\gerar\Desktop\ProyectoLab\Practica9\Practica4\315307393_PROYECTO_GPO9.cpp(179,35): warning C4305: '=': truncamiento de 'double' a 'float'
C:\Users\gerar\Desktop\ProyectoLab\Practica9\Practica4\315307393_PROYECTO_GPO9.cpp(180,35): warning C4305: '=': truncamiento de 'double' a 'float'
C:\Users\gerar\Desktop\ProyectoLab\Practica9\Practica4\315307393_PROYECTO_GPO9.cpp(181,34): warning C4305: '=': truncamiento de 'double' a 'float'
C:\Users\gerar\Desktop\ProyectoLab\Practica9\Practica4\315307393_PROYECTO_GPO9.cpp(182,37): warning C4305: '=': truncamiento de 'double' a 'float'
C:\Users\gerar\Desktop\ProyectoLab\Practica9\Practica4\315307393_PROYECTO_GPO9.cpp(185,31): warning C4305: '=': truncamiento de 'double' a 'float'
C:\Users\gerar\Desktop\ProyectoLab\Practica9\Practica4\315307393_PROYECTO_GPO9.cpp(186,29): warning C4305: '=': truncamiento de 'double' a 'float'
C:\Users\gerar\Desktop\ProyectoLab\Practica9\Practica4\315307393_PROYECTO_GPO9.cpp(187,31): warning C4305: '=': truncamiento de 'double' a 'float'
C:\Users\gerar\Desktop\ProyectoLab\Practica9\Practica4\315307393_PROYECTO_GPO9.cpp(188,36): warning C4305: '=': truncamiento de 'double' a 'float'
C:\Users\gerar\Desktop\ProyectoLab\Practica9\Practica4\315307393_PROYECTO_GPO9.cpp(189,36): warning C4305: '=': truncamiento de 'double' a 'float'
C:\Users\gerar\Desktop\ProyectoLab\Practica9\Practica4\315307393_PROYECTO_GPO9.cpp(190,35): warning C4305: '=': truncamiento de 'double' a 'float'
C:\Users\gerar\Desktop\ProyectoLab\Practica9\Practica4\315307393_PROYECTO_GPO9.cpp(191,35): warning C4305: '=': truncamiento de 'double' a 'float'
C:\Users\gerar\Desktop\ProyectoLab\Practica9\Practica4\315307393_PROYECTO_GPO9.cpp(192,37): warning C4305: '=': truncamiento de 'double' a 'float'
C:\Users\gerar\Desktop\ProyectoLab\Practica9\Practica4\315307393_PROYECTO_GPO9.cpp(195,31): warning C4305: '=': truncamiento de 'double' a 'float'
C:\Users\gerar\Desktop\ProyectoLab\Practica9\Practica4\315307393_PROYECTO_GPO9.cpp(196,29): warning C4305: '=': truncamiento de 'double' a 'float'
C:\Users\gerar\Desktop\ProyectoLab\Practica9\Practica4\315307393_PROYECTO_GPO9.cpp(197,31): warning C4305: '=': truncamiento de 'double' a 'float'
C:\Users\gerar\Desktop\ProyectoLab\Practica9\Practica4\315307393_PROYECTO_GPO9.cpp(198,35): warning C4305: '=': truncamiento de 'double' a 'float'
C:\Users\gerar\Desktop\ProyectoLab\Practica9\Practica4\315307393_PROYECTO_GPO9.cpp(199,35): warning C4305: '=': truncamiento de 'double' a 'float'
C:\Users\gerar\Desktop\ProyectoLab\Practica9\Practica4\315307393_PROYECTO_GPO9.cpp(200,36): warning C4305: '=': truncamiento de 'double' a 'float'
C:\Users\gerar\Desktop\ProyectoLab\Practica9\Practica4\315307393_PROYECTO_GPO9.cpp(201,36): warning C4305: '=': truncamiento de 'double' a 'float'
C:\Users\gerar\Desktop\ProyectoLab\Practica9\Practica4\315307393_PROYECTO_GPO9.cpp(202,37): warning C4305: '=': truncamiento de 'double' a 'float'
C:\Users\gerar\Desktop\ProyectoLab\Practica9\Practica4\315307393_PROYECTO_GPO9.cpp(205,31): warning C4305: '=': truncamiento de 'double' a 'float'
C:\Users\gerar\Desktop\ProyectoLab\Practica9\Practica4\315307393_PROYECTO_GPO9.cpp(206,29): warning C4305: '=': truncamiento de 'double' a 'float'
C:\Users\gerar\Desktop\ProyectoLab\Practica9\Practica4\315307393_PROYECTO_GPO9.cpp(207,31): warning C4305: '=': truncamiento de 'double' a 'float'
C:\Users\gerar\Desktop\ProyectoLab\Practica9\Practica4\315307393_PROYECTO_GPO9.cpp(208,36): warning C4305: '=': truncamiento de 'double' a 'float'
C:\Users\gerar\Desktop\ProyectoLab\Practica9\Practica4\315307393_PROYECTO_GPO9.cpp(209,36): warning C4305: '=': truncamiento de 'double' a 'float'
C:\Users\gerar\Desktop\ProyectoLab\Practica9\Practica4\315307393_PROYECTO_GPO9.cpp(210,35): warning C4305: '=': truncamiento de 'double' a 'float'
C:\Users\gerar\Desktop\ProyectoLab\Practica9\Practica4\315307393_PROYECTO_GPO9.cpp(211,35): warning C4305: '=': truncamiento de 'double' a 'float'
C:\Users\gerar\Desktop\ProyectoLab\Practica9\Practica4\315307393_PROYECTO_GPO9.cpp(212,37): warning C4305: '=': truncamiento de 'double' a 'float'
C:\Users\gerar\Desktop\ProyectoLab\Practica9\Practica4\315307393_PROYECTO_GPO9.cpp(215,31): warning C4305: '=': truncamiento de 'double' a 'float'
C:\Users\gerar\Desktop\ProyectoLab\Practica9\Practica4\315307393_PROYECTO_GPO9.cpp(216,29): warning C4305: '=': truncamiento de 'double' a 'float'
C:\Users\gerar\Desktop\ProyectoLab\Practica9\Practica4\315307393_PROYECTO_GPO9.cpp(217,31): warning C4305: '=': truncamiento de 'double' a 'float'
C:\Users\gerar\Desktop\ProyectoLab\Practica9\Practica4\315307393_PROYECTO_GPO9.cpp(218,35): warning C4305: '=': truncamiento de 'double' a 'float'
C:\Users\gerar\Desktop\ProyectoLab\Practica9\Practica4\315307393_PROYECTO_GPO9.cpp(219,35): warning C4305: '=': truncamiento de 'double' a 'float'
C:\Users\gerar\Desktop\ProyectoLab\Practica9\Practica4\315307393_PROYECTO_GPO9.cpp(220,35): warning C4305: '=': truncamiento de 'double' a 'float'
C:\Users\gerar\Desktop\ProyectoLab\Practica9\Practica4\315307393_PROYECTO_GPO9.cpp(221,35): warning C4305: '=': truncamiento de 'double' a 'float'
C:\Users\gerar\Desktop\ProyectoLab\Practica9\Practica4\315307393_PROYECTO_GPO9.cpp(222,37): warning C4305: '=': truncamiento de 'double' a 'float'
C:\Users\gerar\Desktop\ProyectoLab\Practica9\Practica4\315307393_PROYECTO_GPO9.cpp(225,31): warning C4305: '=': truncamiento de 'double' a 'float'
C:\Users\gerar\Desktop\ProyectoLab\Practica9\Practica4\315307393_PROYECTO_GPO9.cpp(226,29): warning C4305: '=': truncamiento de 'double' a 'float'
C:\Users\gerar\Desktop\ProyectoLab\Practica9\Practica4\315307393_PROYECTO_GPO9.cpp(227,31): warning C4305: '=': truncamiento de 'double' a 'float'
C:\Users\gerar\Desktop\ProyectoLab\Practica9\Practica4\315307393_PROYECTO_GPO9.cpp(228,35): warning C4305: '=': truncamiento de 'double' a 'float'
C:\Users\gerar\Desktop\ProyectoLab\Practica9\Practica4\315307393_PROYECTO_GPO9.cpp(229,35): warning C4305: '=': truncamiento de 'double' a 'float'
C:\Users\gerar\Desktop\ProyectoLab\Practica9\Practica4\315307393_PROYECTO_GPO9.cpp(230,35): warning C4305: '=': truncamiento de 'double' a 'float'
C:\Users\gerar\Desktop\ProyectoLab\Practica9\Practica4\315307393_PROYECTO_GPO9.cpp(231,34): warning C4305: '=': truncamiento de 'double' a 'float'
C:\Users\gerar\Desktop\ProyectoLab\Practica9\Practica4\315307393_PROYECTO_GPO9.cpp(232,37): warning C4305: '=': truncamiento de 'double' a 'float'
C:\Users\gerar\Desktop\ProyectoLab\Practica9\Practica4\315307393_PROYECTO_GPO9.cpp(235,32): warning C4305: '=': truncamiento de 'double' a 'float'
C:\Users\gerar\Desktop\ProyectoLab\Practica9\Practica4\315307393_PROYECTO_GPO9.cpp(236,30): warning C4305: '=': truncamiento de 'double' a 'float'
C:\Users\gerar\Desktop\ProyectoLab\Practica9\Practica4\315307393_PROYECTO_GPO9.cpp(237,32): warning C4305: '=': truncamiento de 'double' a 'float'
C:\Users\gerar\Desktop\ProyectoLab\Practica9\Practica4\315307393_PROYECTO_GPO9.cpp(238,37): warning C4305: '=': truncamiento de 'double' a 'float'
C:\Users\gerar\Desktop\ProyectoLab\Practica9\Practica4\315307393_PROYECTO_GPO9.cpp(239,36): warning C4305: '=': truncamiento de 'double' a 'float'
C:\Users\gerar\Desktop\ProyectoLab\Practica9\Practica4\315307393_PROYECTO_GPO9.cpp(240,36): warning C4305: '=': truncamiento de 'double' a 'float'
C:\Users\gerar\Desktop\ProyectoLab\Practica9\Practica4\315307393_PROYECTO_GPO9.cpp(241,35): warning C4305: '=': truncamiento de 'double' a 'float'
C:\Users\gerar\Desktop\ProyectoLab\Practica9\Practica4\315307393_PROYECTO_GPO9.cpp(242,38): warning C4305: '=': truncamiento de 'double' a 'float'
C:\Users\gerar\Desktop\ProyectoLab\Practica9\Practica4\315307393_PROYECTO_GPO9.cpp(245,32): warning C4305: '=': truncamiento de 'double' a 'float'
C:\Users\gerar\Desktop\ProyectoLab\Practica9\Practica4\315307393_PROYECTO_GPO9.cpp(246,30): warning C4305: '=': truncamiento de 'double' a 'float'
C:\Users\gerar\Desktop\ProyectoLab\Practica9\Practica4\315307393_PROYECTO_GPO9.cpp(247,32): warning C4305: '=': truncamiento de 'double' a 'float'
C:\Users\gerar\Desktop\ProyectoLab\Practica9\Practica4\315307393_PROYECTO_GPO9.cpp(248,37): warning C4305: '=': truncamiento de 'double' a 'float'
C:\Users\gerar\Desktop\ProyectoLab\Practica9\Practica4\315307393_PROYECTO_GPO9.cpp(249,36): warning C4305: '=': truncamiento de 'double' a 'float'
C:\Users\gerar\Desktop\ProyectoLab\Practica9\Practica4\315307393_PROYECTO_GPO9.cpp(250,37): warning C4305: '=': truncamiento de 'double' a 'float'
C:\Users\gerar\Desktop\ProyectoLab\Practica9\Practica4\315307393_PROYECTO_GPO9.cpp(251,36): warning C4305: '=': truncamiento de 'double' a 'float'
C:\Users\gerar\Desktop\ProyectoLab\Practica9\Practica4\315307393_PROYECTO_GPO9.cpp(252,38): warning C4305: '=': truncamiento de 'double' a 'float'
C:\Users\gerar\Desktop\ProyectoLab\Practica9\Practica4\315307393_PROYECTO_GPO9.cpp(255,32): warning C4305: '=': truncamiento de 'double' a 'float'
C:\Users\gerar\Desktop\ProyectoLab\Practica9\Practica4\315307393_PROYECTO_GPO9.cpp(256,30): warning C4305: '=': truncamiento de 'double' a 'float'
C:\Users\gerar\Desktop\ProyectoLab\Practica9\Practica4\315307393_PROYECTO_GPO9.cpp(257,32): warning C4305: '=': truncamiento de 'double' a 'float'
C:\Users\gerar\Desktop\ProyectoLab\Practica9\Practica4\315307393_PROYECTO_GPO9.cpp(258,36): warning C4305: '=': truncamiento de 'double' a 'float'
C:\Users\gerar\Desktop\ProyectoLab\Practica9\Practica4\315307393_PROYECTO_GPO9.cpp(259,37): warning C4305: '=': truncamiento de 'double' a 'float'
C:\Users\gerar\Desktop\ProyectoLab\Practica9\Practica4\315307393_PROYECTO_GPO9.cpp(260,36): warning C4305: '=': truncamiento de 'double' a 'float'
C:\Users\gerar\Desktop\ProyectoLab\Practica9\Practica4\315307393_PROYECTO_GPO9.cpp(261,37): warning C4305: '=': truncamiento de 'double' a 'float'
C:\Users\gerar\Desktop\ProyectoLab\Practica9\Practica4\315307393_PROYECTO_GPO9.cpp(262,38): warning C4305: '=': truncamiento de 'double' a 'float'
C:\Users\gerar\Desktop\ProyectoLab\Practica9\Practica4\315307393_PROYECTO_GPO9.cpp(265,32): warning C4305: '=': truncamiento de 'double' a 'float'
C:\Users\gerar\Desktop\ProyectoLab\Practica9\Practica4\315307393_PROYECTO_GPO9.cpp(266,30): warning C4305: '=': truncamiento de 'double' a 'float'
C:\Users\gerar\Desktop\ProyectoLab\Practica9\Practica4\315307393_PROYECTO_GPO9.cpp(267,32): warning C4305: '=': truncamiento de 'double' a 'float'
C:\Users\gerar\Desktop\ProyectoLab\Practica9\Practica4\315307393_PROYECTO_GPO9.cpp(268,37): warning C4305: '=': truncamiento de 'double' a 'float'
C:\Users\gerar\Desktop\ProyectoLab\Practica9\Practica4\315307393_PROYECTO_GPO9.cpp(269,36): warning C4305: '=': truncamiento de 'double' a 'float'
C:\Users\gerar\Desktop\ProyectoLab\Practica9\Practica4\315307393_PROYECTO_GPO9.cpp(270,37): warning C4305: '=': truncamiento de 'double' a 'float'
C:\Users\gerar\Desktop\ProyectoLab\Practica9\Practica4\315307393_PROYECTO_GPO9.cpp(271,36): warning C4305: '=': truncamiento de 'double' a 'float'
C:\Users\gerar\Desktop\ProyectoLab\Practica9\Practica4\315307393_PROYECTO_GPO9.cpp(272,38): warning C4305: '=': truncamiento de 'double' a 'float'
C:\Users\gerar\Desktop\ProyectoLab\Practica9\Practica4\315307393_PROYECTO_GPO9.cpp(275,32): warning C4305: '=': truncamiento de 'double' a 'float'
C:\Users\gerar\Desktop\ProyectoLab\Practica9\Practica4\315307393_PROYECTO_GPO9.cpp(276,30): warning C4305: '=': truncamiento de 'double' a 'float'
C:\Users\gerar\Desktop\ProyectoLab\Practica9\Practica4\315307393_PROYECTO_GPO9.cpp(277,32): warning C4305: '=': truncamiento de 'double' a 'float'
C:\Users\gerar\Desktop\ProyectoLab\Practica9\Practica4\315307393_PROYECTO_GPO9.cpp(278,37): warning C4305: '=': truncamiento de 'double' a 'float'
C:\Users\gerar\Desktop\ProyectoLab\Practica9\Practica4\315307393_PROYECTO_GPO9.cpp(279,36): warning C4305: '=': truncamiento de 'double' a 'float'
C:\Users\gerar\Desktop\ProyectoLab\Practica9\Practica4\315307393_PROYECTO_GPO9.cpp(280,36): warning C4305: '=': truncamiento de 'double' a 'float'
C:\Users\gerar\Desktop\ProyectoLab\Practica9\Practica4\315307393_PROYECTO_GPO9.cpp(281,36): warning C4305: '=': truncamiento de 'double' a 'float'
C:\Users\gerar\Desktop\ProyectoLab\Practica9\Practica4\315307393_PROYECTO_GPO9.cpp(282,37): warning C4305: '=': truncamiento de 'double' a 'float'
C:\Users\gerar\Desktop\ProyectoLab\Practica9\Practica4\315307393_PROYECTO_GPO9.cpp(285,32): warning C4305: '=': truncamiento de 'double' a 'float'
C:\Users\gerar\Desktop\ProyectoLab\Practica9\Practica4\315307393_PROYECTO_GPO9.cpp(286,30): warning C4305: '=': truncamiento de 'double' a 'float'
C:\Users\gerar\Desktop\ProyectoLab\Practica9\Practica4\315307393_PROYECTO_GPO9.cpp(287,32): warning C4305: '=': truncamiento de 'double' a 'float'
C:\Users\gerar\Desktop\ProyectoLab\Practica9\Practica4\315307393_PROYECTO_GPO9.cpp(288,36): warning C4305: '=': truncamiento de 'double' a 'float'
C:\Users\gerar\Desktop\ProyectoLab\Practica9\Practica4\315307393_PROYECTO_GPO9.cpp(289,36): warning C4305: '=': truncamiento de 'double' a 'float'
C:\Users\gerar\Desktop\ProyectoLab\Practica9\Practica4\315307393_PROYECTO_GPO9.cpp(290,36): warning C4305: '=': truncamiento de 'double' a 'float'
C:\Users\gerar\Desktop\ProyectoLab\Practica9\Practica4\315307393_PROYECTO_GPO9.cpp(291,36): warning C4305: '=': truncamiento de 'double' a 'float'
C:\Users\gerar\Desktop\ProyectoLab\Practica9\Practica4\315307393_PROYECTO_GPO9.cpp(292,37): warning C4305: '=': truncamiento de 'double' a 'float'
C:\Users\gerar\Desktop\ProyectoLab\Practica9\Practica4\315307393_PROYECTO_GPO9.cpp(295,32): warning C4305: '=': truncamiento de 'double' a 'float'
C:\Users\gerar\Desktop\ProyectoLab\Practica9\Practica4\315307393_PROYECTO_GPO9.cpp(296,30): warning C4305: '=': truncamiento de 'double' a 'float'
C:\Users\gerar\Desktop\ProyectoLab\Practica9\Practica4\315307393_PROYECTO_GPO9.cpp(297,32): warning C4305: '=': truncamiento de 'double' a 'float'
C:\Users\gerar\Desktop\ProyectoLab\Practica9\Practica4\315307393_PROYECTO_GPO9.cpp(298,36): warning C4305: '=': truncamiento de 'double' a 'float'
C:\Users\gerar\Desktop\ProyectoLab\Practica9\Practica4\315307393_PROYECTO_GPO9.cpp(299,36): warning C4305: '=': truncamiento de 'double' a 'float'
C:\Users\gerar\Desktop\ProyectoLab\Practica9\Practica4\315307393_PROYECTO_GPO9.cpp(300,36): warning C4305: '=': truncamiento de 'double' a 'float'
C:\Users\gerar\Desktop\ProyectoLab\Practica9\Practica4\315307393_PROYECTO_GPO9.cpp(301,36): warning C4305: '=': truncamiento de 'double' a 'float'
C:\Users\gerar\Desktop\ProyectoLab\Practica9\Practica4\315307393_PROYECTO_GPO9.cpp(302,37): warning C4305: '=': truncamiento de 'double' a 'float'
C:\Users\gerar\Desktop\ProyectoLab\Practica9\Practica4\315307393_PROYECTO_GPO9.cpp(305,32): warning C4305: '=': truncamiento de 'double' a 'float'
C:\Users\gerar\Desktop\ProyectoLab\Practica9\Practica4\315307393_PROYECTO_GPO9.cpp(306,30): warning C4305: '=': truncamiento de 'double' a 'float'
C:\Users\gerar\Desktop\ProyectoLab\Practica9\Practica4\315307393_PROYECTO_GPO9.cpp(307,32): warning C4305: '=': truncamiento de 'double' a 'float'
C:\Users\gerar\Desktop\ProyectoLab\Practica9\Practica4\315307393_PROYECTO_GPO9.cpp(308,36): warning C4305: '=': truncamiento de 'double' a 'float'
C:\Users\gerar\Desktop\ProyectoLab\Practica9\Practica4\315307393_PROYECTO_GPO9.cpp(309,36): warning C4305: '=': truncamiento de 'double' a 'float'
C:\Users\gerar\Desktop\ProyectoLab\Practica9\Practica4\315307393_PROYECTO_GPO9.cpp(310,36): warning C4305: '=': truncamiento de 'double' a 'float'
C:\Users\gerar\Desktop\ProyectoLab\Practica9\Practica4\315307393_PROYECTO_GPO9.cpp(311,36): warning C4305: '=': truncamiento de 'double' a 'float'
C:\Users\gerar\Desktop\ProyectoLab\Practica9\Practica4\315307393_PROYECTO_GPO9.cpp(312,37): warning C4305: '=': truncamiento de 'double' a 'float'
C:\Users\gerar\Desktop\ProyectoLab\Practica9\Practica4\315307393_PROYECTO_GPO9.cpp(315,32): warning C4305: '=': truncamiento de 'double' a 'float'
C:\Users\gerar\Desktop\ProyectoLab\Practica9\Practica4\315307393_PROYECTO_GPO9.cpp(316,30): warning C4305: '=': truncamiento de 'double' a 'float'
C:\Users\gerar\Desktop\ProyectoLab\Practica9\Practica4\315307393_PROYECTO_GPO9.cpp(317,32): warning C4305: '=': truncamiento de 'double' a 'float'
C:\Users\gerar\Desktop\ProyectoLab\Practica9\Practica4\315307393_PROYECTO_GPO9.cpp(318,36): warning C4305: '=': truncamiento de 'double' a 'float'
C:\Users\gerar\Desktop\ProyectoLab\Practica9\Practica4\315307393_PROYECTO_GPO9.cpp(319,36): warning C4305: '=': truncamiento de 'double' a 'float'
C:\Users\gerar\Desktop\ProyectoLab\Practica9\Practica4\315307393_PROYECTO_GPO9.cpp(320,36): warning C4305: '=': truncamiento de 'double' a 'float'
C:\Users\gerar\Desktop\ProyectoLab\Practica9\Practica4\315307393_PROYECTO_GPO9.cpp(321,36): warning C4305: '=': truncamiento de 'double' a 'float'
C:\Users\gerar\Desktop\ProyectoLab\Practica9\Practica4\315307393_PROYECTO_GPO9.cpp(322,37): warning C4305: '=': truncamiento de 'double' a 'float'
C:\Users\gerar\Desktop\ProyectoLab\Practica9\Practica4\315307393_PROYECTO_GPO9.cpp(325,32): warning C4305: '=': truncamiento de 'double' a 'float'
C:\Users\gerar\Desktop\ProyectoLab\Practica9\Practica4\315307393_PROYECTO_GPO9.cpp(326,30): warning C4305: '=': truncamiento de 'double' a 'float'
C:\Users\gerar\Desktop\ProyectoLab\Practica9\Practica4\315307393_PROYECTO_GPO9.cpp(327,32): warning C4305: '=': truncamiento de 'double' a 'float'
C:\Users\gerar\Desktop\ProyectoLab\Practica9\Practica4\315307393_PROYECTO_GPO9.cpp(328,36): warning C4305: '=': truncamiento de 'double' a 'float'
C:\Users\gerar\Desktop\ProyectoLab\Practica9\Practica4\315307393_PROYECTO_GPO9.cpp(329,36): warning C4305: '=': truncamiento de 'double' a 'float'
C:\Users\gerar\Desktop\ProyectoLab\Practica9\Practica4\315307393_PROYECTO_GPO9.cpp(330,36): warning C4305: '=': truncamiento de 'double' a 'float'
C:\Users\gerar\Desktop\ProyectoLab\Practica9\Practica4\315307393_PROYECTO_GPO9.cpp(331,36): warning C4305: '=': truncamiento de 'double' a 'float'
C:\Users\gerar\Desktop\ProyectoLab\Practica9\Practica4\315307393_PROYECTO_GPO9.cpp(332,37): warning C4305: '=': truncamiento de 'double' a 'float'
C:\Users\gerar\Desktop\ProyectoLab\Practica9\Practica4\315307393_PROYECTO_GPO9.cpp(335,32): warning C4305: '=': truncamiento de 'double' a 'float'
C:\Users\gerar\Desktop\ProyectoLab\Practica9\Practica4\315307393_PROYECTO_GPO9.cpp(336,30): warning C4305: '=': truncamiento de 'double' a 'float'
C:\Users\gerar\Desktop\ProyectoLab\Practica9\Practica4\315307393_PROYECTO_GPO9.cpp(337,32): warning C4305: '=': truncamiento de 'double' a 'float'
C:\Users\gerar\Desktop\ProyectoLab\Practica9\Practica4\315307393_PROYECTO_GPO9.cpp(338,36): warning C4305: '=': truncamiento de 'double' a 'float'
C:\Users\gerar\Desktop\ProyectoLab\Practica9\Practica4\315307393_PROYECTO_GPO9.cpp(339,36): warning C4305: '=': truncamiento de 'double' a 'float'
C:\Users\gerar\Desktop\ProyectoLab\Practica9\Practica4\315307393_PROYECTO_GPO9.cpp(340,36): warning C4305: '=': truncamiento de 'double' a 'float'
C:\Users\gerar\Desktop\ProyectoLab\Practica9\Practica4\315307393_PROYECTO_GPO9.cpp(341,36): warning C4305: '=': truncamiento de 'double' a 'float'
C:\Users\gerar\Desktop\ProyectoLab\Practica9\Practica4\315307393_PROYECTO_GPO9.cpp(342,37): warning C4305: '=': truncamiento de 'double' a 'float'
C:\Users\gerar\Desktop\ProyectoLab\Practica9\Practica4\315307393_PROYECTO_GPO9.cpp(345,32): warning C4305: '=': truncamiento de 'double' a 'float'
C:\Users\gerar\Desktop\ProyectoLab\Practica9\Practica4\315307393_PROYECTO_GPO9.cpp(346,30): warning C4305: '=': truncamiento de 'double' a 'float'
C:\Users\gerar\Desktop\ProyectoLab\Practica9\Practica4\315307393_PROYECTO_GPO9.cpp(347,32): warning C4305: '=': truncamiento de 'double' a 'float'
C:\Users\gerar\Desktop\ProyectoLab\Practica9\Practica4\315307393_PROYECTO_GPO9.cpp(348,36): warning C4305: '=': truncamiento de 'double' a 'float'
C:\Users\gerar\Desktop\ProyectoLab\Practica9\Practica4\315307393_PROYECTO_GPO9.cpp(349,36): warning C4305: '=': truncamiento de 'double' a 'float'
C:\Users\gerar\Desktop\ProyectoLab\Practica9\Practica4\315307393_PROYECTO_GPO9.cpp(350,36): warning C4305: '=': truncamiento de 'double' a 'float'
C:\Users\gerar\Desktop\ProyectoLab\Practica9\Practica4\315307393_PROYECTO_GPO9.cpp(351,36): warning C4305: '=': truncamiento de 'double' a 'float'
C:\Users\gerar\Desktop\ProyectoLab\Practica9\Practica4\315307393_PROYECTO_GPO9.cpp(352,37): warning C4305: '=': truncamiento de 'double' a 'float'
C:\Users\gerar\Desktop\ProyectoLab\Practica9\Practica4\315307393_PROYECTO_GPO9.cpp(355,32): warning C4305: '=': truncamiento de 'double' a 'float'
C:\Users\gerar\Desktop\ProyectoLab\Practica9\Practica4\315307393_PROYECTO_GPO9.cpp(356,30): warning C4305: '=': truncamiento de 'double' a 'float'
C:\Users\gerar\Desktop\ProyectoLab\Practica9\Practica4\315307393_PROYECTO_GPO9.cpp(357,32): warning C4305: '=': truncamiento de 'double' a 'float'
C:\Users\gerar\Desktop\ProyectoLab\Practica9\Practica4\315307393_PROYECTO_GPO9.cpp(358,36): warning C4305: '=': truncamiento de 'double' a 'float'
C:\Users\gerar\Desktop\ProyectoLab\Practica9\Practica4\315307393_PROYECTO_GPO9.cpp(359,37): warning C4305: '=': truncamiento de 'double' a 'float'
C:\Users\gerar\Desktop\ProyectoLab\Practica9\Practica4\315307393_PROYECTO_GPO9.cpp(360,36): warning C4305: '=': truncamiento de 'double' a 'float'
C:\Users\gerar\Desktop\ProyectoLab\Practica9\Practica4\315307393_PROYECTO_GPO9.cpp(361,36): warning C4305: '=': truncamiento de 'double' a 'float'
C:\Users\gerar\Desktop\ProyectoLab\Practica9\Practica4\315307393_PROYECTO_GPO9.cpp(362,36): warning C4305: '=': truncamiento de 'double' a 'float'
C:\Users\gerar\Desktop\ProyectoLab\Practica9\Practica4\315307393_PROYECTO_GPO9.cpp(682,24): warning C4244: 'inicializando': conversión de 'double' a 'GLfloat'; posible pérdida de datos
C:\Users\gerar\Desktop\ProyectoLab\Practica9\Practica4\315307393_PROYECTO_GPO9.cpp(728,113): warning C4305: 'argumento': truncamiento de 'double' a 'GLfloat'
C:\Users\gerar\Desktop\ProyectoLab\Practica9\Practica4\315307393_PROYECTO_GPO9.cpp(1119,11): warning C4244: '=': conversión de 'double' a 'GLfloat'; posible pérdida de datos
C:\Users\gerar\Desktop\ProyectoLab\Practica9\Practica4\315307393_PROYECTO_GPO9.cpp(1120,11): warning C4244: '=': conversión de 'double' a 'GLfloat'; posible pérdida de datos
C:\Users\gerar\Desktop\ProyectoLab\Practica9\Practica4\315307393_PROYECTO_GPO9.cpp(1124,18): warning C4244: 'inicializando': conversión de 'double' a 'GLfloat'; posible pérdida de datos
C:\Users\gerar\Desktop\ProyectoLab\Practica9\Practica4\315307393_PROYECTO_GPO9.cpp(1125,18): warning C4244: 'inicializando': conversión de 'double' a 'GLfloat'; posible pérdida de datos
C:\Users\gerar\Desktop\ProyectoLab\Practica9\Practica4\315307393_PROYECTO_GPO9.cpp(1127,10): warning C4244: '=': conversión de 'double' a 'GLfloat'; posible pérdida de datos
C:\Users\gerar\Desktop\ProyectoLab\Practica9\Practica4\315307393_PROYECTO_GPO9.cpp(1128,10): warning C4244: '=': conversión de 'double' a 'GLfloat'; posible pérdida de datos
C:\Users\gerar\Desktop\ProyectoLab\Practica9\Practica4\315307393_PROYECTO_GPO9.cpp(1244,18): warning C4305: '-=': truncamiento de 'double' a 'float'
C:\Users\gerar\Desktop\ProyectoLab\Practica9\Practica4\315307393_PROYECTO_GPO9.cpp(1251,18): warning C4305: '+=': truncamiento de 'double' a 'float'
C:\Users\gerar\Desktop\ProyectoLab\Practica9\Practica4\315307393_PROYECTO_GPO9.cpp(1261,15): warning C4305: '+=': truncamiento de 'double' a 'float'
C:\Users\gerar\Desktop\ProyectoLab\Practica9\Practica4\315307393_PROYECTO_GPO9.cpp(1266,15): warning C4305: '-=': truncamiento de 'double' a 'float'
C:\Users\gerar\Desktop\ProyectoLab\Practica9\Practica4\315307393_PROYECTO_GPO9.cpp(1271,15): warning C4305: '-=': truncamiento de 'double' a 'float'
C:\Users\gerar\Desktop\ProyectoLab\Practica9\Practica4\315307393_PROYECTO_GPO9.cpp(1276,15): warning C4305: '+=': truncamiento de 'double' a 'float'
C:\Users\gerar\Desktop\ProyectoLab\Practica9\Practica4\315307393_PROYECTO_GPO9.cpp(1281,15): warning C4305: '-=': truncamiento de 'double' a 'float'
C:\Users\gerar\Desktop\ProyectoLab\Practica9\Practica4\315307393_PROYECTO_GPO9.cpp(1286,15): warning C4305: '+=': truncamiento de 'double' a 'float'
soil2-debug.lib(SOIL2.obj) : warning LNK4075: se omite '/EDITANDCONTINUE' debido a la especificación '/OPT:ICF'
LINK : warning LNK4098: la biblioteca predeterminada'MSVCRTD' entra en conflicto con otras bibliotecas; use la biblioteca /NODEFAULTLIB:biblioteca
  Generando código
  Previous IPDB not found, fall back to full compilation.
  All 700 functions were compiled because no usable IPDB/IOBJ from previous compilation was found.
  Generación de código finalizada
soil2-debug.lib(etc1_utils.obj) : warning LNK4099: no se encontró PDB '' con 'soil2-debug.lib(etc1_utils.obj)' o en ''; se vinculará el objeto sin tener en cuenta información de depuración
soil2-debug.lib(image_DXT.obj) : warning LNK4099: no se encontró PDB 'soil2-debug.pdb' con 'soil2-debug.lib(image_DXT.obj)' o en 'C:\Users\gerar\Desktop\ProyectoLab\Practica9\Release\soil2-debug.pdb'; se vinculará el objeto sin tener en cuenta información de depuración
soil2-debug.lib(image_helper.obj) : warning LNK4099: no se encontró PDB 'soil2-debug.pdb' con 'soil2-debug.lib(image_helper.obj)' o en 'C:\Users\gerar\Desktop\ProyectoLab\Practica9\Release\soil2-debug.pdb'; se vinculará el objeto sin tener en cuenta información de depuración
soil2-debug.lib(SOIL2.obj) : warning LNK4099: no se encontró PDB 'soil2-debug.pdb' con 'soil2-debug.lib(SOIL2.obj)' o en 'C:\Users\gerar\Desktop\ProyectoLab\Practica9\Release\soil2-debug.pdb'; se vinculará el objeto sin tener en cuenta información de depuración
  Practica4.vcxproj -> C:\Users\gerar\Desktop\ProyectoLab\Practica9\Release\Practica4.exe
